
> guitar_scale_visualizer@0.1.0 start
> react-scripts start

(node:2173) [DEP_WEBPACK_DEV_SERVER_ON_AFTER_SETUP_MIDDLEWARE] DeprecationWarning: 'onAfterSetupMiddleware' option is deprecated. Please use the 'setupMiddlewares' option.
(Use `node --trace-deprecation ...` to show where the warning was created)
(node:2173) [DEP_WEBPACK_DEV_SERVER_ON_BEFORE_SETUP_MIDDLEWARE] DeprecationWarning: 'onBeforeSetupMiddleware' option is deprecated. Please use the 'setupMiddlewares' option.
Starting the development server...

Compiled with warnings.

Failed to parse source map from '/app/node_modules/.pnpm/midimessage@1.0.5/node_modules/midimessage/dist/dist/index.js.map' file: Error: ENOENT: no such file or directory, open '/app/node_modules/.pnpm/midimessage@1.0.5/node_modules/midimessage/dist/dist/index.js.map'

Search for the keywords to learn more about each warning.
To ignore, add // eslint-disable-next-line to the line before.

WARNING in ./node_modules/.pnpm/midimessage@1.0.5/node_modules/midimessage/dist/index.min.js
Module Warning (from ./node_modules/.pnpm/source-map-loader@3.0.2_webpack@5.104.1/node_modules/source-map-loader/dist/cjs.js):
Failed to parse source map from '/app/node_modules/.pnpm/midimessage@1.0.5/node_modules/midimessage/dist/dist/index.js.map' file: Error: ENOENT: no such file or directory, open '/app/node_modules/.pnpm/midimessage@1.0.5/node_modules/midimessage/dist/dist/index.js.map'

webpack compiled with 1 warning
Compiling...
Compiled with warnings.

Failed to parse source map from '/app/node_modules/.pnpm/midimessage@1.0.5/node_modules/midimessage/dist/dist/index.js.map' file: Error: ENOENT: no such file or directory, open '/app/node_modules/.pnpm/midimessage@1.0.5/node_modules/midimessage/dist/dist/index.js.map'

Search for the keywords to learn more about each warning.
To ignore, add // eslint-disable-next-line to the line before.

WARNING in ./node_modules/.pnpm/midimessage@1.0.5/node_modules/midimessage/dist/index.min.js
Module Warning (from ./node_modules/.pnpm/source-map-loader@3.0.2_webpack@5.104.1/node_modules/source-map-loader/dist/cjs.js):
Failed to parse source map from '/app/node_modules/.pnpm/midimessage@1.0.5/node_modules/midimessage/dist/dist/index.js.map' file: Error: ENOENT: no such file or directory, open '/app/node_modules/.pnpm/midimessage@1.0.5/node_modules/midimessage/dist/dist/index.js.map'

webpack compiled with 1 warning
